This file contains any messages produced by compilers while
running configure, to aid debugging if configure makes a mistake.

It was created by slowhttptest configure 1.8.1, which was
generated by GNU Autoconf 2.69.  Invocation command line was

  $ ./configure 

## --------- ##
## Platform. ##
## --------- ##

hostname = root
uname -m = x86_64
uname -r = 5.4.0-kali4-amd64
uname -s = Linux
uname -v = #1 SMP Debian 5.4.19-1kali1 (2020-02-17)

/usr/bin/uname -p = unknown
/bin/uname -X     = unknown

/bin/arch              = x86_64
/usr/bin/arch -k       = unknown
/usr/convex/getsysinfo = unknown
/usr/bin/hostinfo      = unknown
/bin/machine           = unknown
/usr/bin/oslevel       = unknown
/bin/universe          = unknown

PATH: /usr/local/sbin
PATH: /usr/local/bin
PATH: /usr/sbin
PATH: /usr/bin
PATH: /sbin
PATH: /bin


## ----------- ##
## Core tests. ##
## ----------- ##

configure:2292: checking for a BSD-compatible install
configure:2360: result: /usr/bin/install -c
configure:2371: checking whether build environment is sane
configure:2426: result: yes
configure:2575: checking for a thread-safe mkdir -p
configure:2614: result: /usr/bin/mkdir -p
configure:2621: checking for gawk
configure:2637: found /usr/bin/gawk
configure:2648: result: gawk
configure:2659: checking whether make sets $(MAKE)
configure:2681: result: yes
configure:2710: checking whether make supports nested variables
configure:2727: result: yes
configure:2916: checking for g++
configure:2932: found /usr/bin/g++
configure:2943: result: g++
configure:2970: checking for C++ compiler version
configure:2979: g++ --version >&5
g++ (Debian 9.2.1-30) 9.2.1 20200224
Copyright (C) 2019 Free Software Foundation, Inc.
This is free software; see the source for copying conditions.  There is NO
warranty; not even for MERCHANTABILITY or FITNESS FOR A PARTICULAR PURPOSE.

configure:2990: $? = 0
configure:2979: g++ -v >&5
Using built-in specs.
COLLECT_GCC=g++
COLLECT_LTO_WRAPPER=/usr/lib/gcc/x86_64-linux-gnu/9/lto-wrapper
OFFLOAD_TARGET_NAMES=nvptx-none:hsa
OFFLOAD_TARGET_DEFAULT=1
Target: x86_64-linux-gnu
Configured with: ../src/configure -v --with-pkgversion='Debian 9.2.1-30' --with-bugurl=file:///usr/share/doc/gcc-9/README.Bugs --enable-languages=c,ada,c++,go,brig,d,fortran,objc,obj-c++,gm2 --prefix=/usr --with-gcc-major-version-only --program-suffix=-9 --program-prefix=x86_64-linux-gnu- --enable-shared --enable-linker-build-id --libexecdir=/usr/lib --without-included-gettext --enable-threads=posix --libdir=/usr/lib --enable-nls --enable-bootstrap --enable-clocale=gnu --enable-libstdcxx-debug --enable-libstdcxx-time=yes --with-default-libstdcxx-abi=new --enable-gnu-unique-object --disable-vtable-verify --enable-plugin --enable-default-pie --with-system-zlib --with-target-system-zlib=auto --enable-objc-gc=auto --enable-multiarch --disable-werror --with-arch-32=i686 --with-abi=m64 --with-multilib-list=m32,m64,mx32 --enable-multilib --with-tune=generic --enable-offload-targets=nvptx-none,hsa --without-cuda-driver --enable-checking=release --build=x86_64-linux-gnu --host=x86_64-linux-gnu --target=x86_64-linux-gnu --with-build-config=bootstrap-lto-lean --enable-link-mutex
Thread model: posix
gcc version 9.2.1 20200224 (Debian 9.2.1-30) 
configure:2990: $? = 0
configure:2979: g++ -V >&5
g++: error: unrecognized command line option '-V'
g++: fatal error: no input files
compilation terminated.
configure:2990: $? = 1
configure:2979: g++ -qversion >&5
g++: error: unrecognized command line option '-qversion'; did you mean '--version'?
g++: fatal error: no input files
compilation terminated.
configure:2990: $? = 1
configure:3010: checking whether the C++ compiler works
configure:3032: g++   -I/usr/local/opt/openssl/include  -L/usr/local/opt/openssl/lib conftest.cpp  >&5
configure:3036: $? = 0
configure:3084: result: yes
configure:3087: checking for C++ compiler default output file name
configure:3089: result: a.out
configure:3095: checking for suffix of executables
configure:3102: g++ -o conftest   -I/usr/local/opt/openssl/include  -L/usr/local/opt/openssl/lib conftest.cpp  >&5
configure:3106: $? = 0
configure:3128: result: 
configure:3150: checking whether we are cross compiling
configure:3158: g++ -o conftest   -I/usr/local/opt/openssl/include  -L/usr/local/opt/openssl/lib conftest.cpp  >&5
configure:3162: $? = 0
configure:3169: ./conftest
configure:3173: $? = 0
configure:3161: result: no
configure:3166: checking for suffix of object files
configure:3188: g++ -c   -I/usr/local/opt/openssl/include conftest.cpp >&5
configure:3192: $? = 0
configure:3213: result: o
configure:3217: checking whether we are using the GNU C++ compiler
configure:3236: g++ -c   -I/usr/local/opt/openssl/include conftest.cpp >&5
configure:3236: $? = 0
configure:3245: result: yes
configure:3254: checking whether g++ accepts -g
configure:3274: g++ -c -g  -I/usr/local/opt/openssl/include conftest.cpp >&5
configure:3274: $? = 0
configure:3315: result: yes
configure:3341: checking whether make supports the include directive
configure:3356: make -f confmf.GNU && cat confinc.out
this is the am__doit target
configure:3359: $? = 0
configure:3378: result: yes (GNU style)
configure:3403: checking dependency style of g++
configure:3514: result: gcc3
configure:3577: checking for gcc
configure:3593: found /usr/bin/gcc
configure:3604: result: gcc
configure:3833: checking for C compiler version
configure:3842: gcc --version >&5
gcc (Debian 9.2.1-30) 9.2.1 20200224
Copyright (C) 2019 Free Software Foundation, Inc.
This is free software; see the source for copying conditions.  There is NO
warranty; not even for MERCHANTABILITY or FITNESS FOR A PARTICULAR PURPOSE.

configure:3853: $? = 0
configure:3842: gcc -v >&5
Using built-in specs.
COLLECT_GCC=gcc
COLLECT_LTO_WRAPPER=/usr/lib/gcc/x86_64-linux-gnu/9/lto-wrapper
OFFLOAD_TARGET_NAMES=nvptx-none:hsa
OFFLOAD_TARGET_DEFAULT=1
Target: x86_64-linux-gnu
Configured with: ../src/configure -v --with-pkgversion='Debian 9.2.1-30' --with-bugurl=file:///usr/share/doc/gcc-9/README.Bugs --enable-languages=c,ada,c++,go,brig,d,fortran,objc,obj-c++,gm2 --prefix=/usr --with-gcc-major-version-only --program-suffix=-9 --program-prefix=x86_64-linux-gnu- --enable-shared --enable-linker-build-id --libexecdir=/usr/lib --without-included-gettext --enable-threads=posix --libdir=/usr/lib --enable-nls --enable-bootstrap --enable-clocale=gnu --enable-libstdcxx-debug --enable-libstdcxx-time=yes --with-default-libstdcxx-abi=new --enable-gnu-unique-object --disable-vtable-verify --enable-plugin --enable-default-pie --with-system-zlib --with-target-system-zlib=auto --enable-objc-gc=auto --enable-multiarch --disable-werror --with-arch-32=i686 --with-abi=m64 --with-multilib-list=m32,m64,mx32 --enable-multilib --with-tune=generic --enable-offload-targets=nvptx-none,hsa --without-cuda-driver --enable-checking=release --build=x86_64-linux-gnu --host=x86_64-linux-gnu --target=x86_64-linux-gnu --with-build-config=bootstrap-lto-lean --enable-link-mutex
Thread model: posix
gcc version 9.2.1 20200224 (Debian 9.2.1-30) 
configure:3853: $? = 0
configure:3842: gcc -V >&5
gcc: error: unrecognized command line option '-V'
gcc: fatal error: no input files
compilation terminated.
configure:3853: $? = 1
configure:3842: gcc -qversion >&5
gcc: error: unrecognized command line option '-qversion'; did you mean '--version'?
gcc: fatal error: no input files
compilation terminated.
configure:3853: $? = 1
configure:3857: checking whether we are using the GNU C compiler
configure:3876: gcc -c   -I/usr/local/opt/openssl/include conftest.c >&5
configure:3876: $? = 0
configure:3885: result: yes
configure:3894: checking whether gcc accepts -g
configure:3914: gcc -c -g  -I/usr/local/opt/openssl/include conftest.c >&5
configure:3914: $? = 0
configure:3955: result: yes
configure:3972: checking for gcc option to accept ISO C89
configure:4035: gcc  -c -g -O2  -I/usr/local/opt/openssl/include conftest.c >&5
configure:4035: $? = 0
configure:4048: result: none needed
configure:4073: checking whether gcc understands -c and -o together
configure:4095: gcc -c conftest.c -o conftest2.o
configure:4098: $? = 0
configure:4095: gcc -c conftest.c -o conftest2.o
configure:4098: $? = 0
configure:4110: result: yes
configure:4129: checking dependency style of gcc
configure:4240: result: gcc3
configure:4265: checking whether g++ supports C++11 features by default
configure:4559: g++ -c -g -O2  -I/usr/local/opt/openssl/include conftest.cpp >&5
configure:4559: $? = 0
configure:4566: result: yes
configure:4921: checking for SSL_new in -lssl
configure:4946: gcc -o conftest -g -O2  -I/usr/local/opt/openssl/include  -L/usr/local/opt/openssl/lib conftest.c -lssl   >&5
configure:4946: $? = 0
configure:4955: result: yes
configure:5024: checking how to run the C preprocessor
configure:5055: gcc -E  -I/usr/local/opt/openssl/include conftest.c
configure:5055: $? = 0
configure:5069: gcc -E  -I/usr/local/opt/openssl/include conftest.c
conftest.c:13:10: fatal error: ac_nonexistent.h: No such file or directory
   13 | #include <ac_nonexistent.h>
      |          ^~~~~~~~~~~~~~~~~~
compilation terminated.
configure:5069: $? = 1
configure: failed program was:
| /* confdefs.h */
| #define PACKAGE_NAME "slowhttptest"
| #define PACKAGE_TARNAME "slowhttptest"
| #define PACKAGE_VERSION "1.8.1"
| #define PACKAGE_STRING "slowhttptest 1.8.1"
| #define PACKAGE_BUGREPORT "shekyan@gmail.com"
| #define PACKAGE_URL ""
| #define PACKAGE "slowhttptest"
| #define VERSION "1.8.1"
| #define HAVE_CXX11 1
| #define HAVE_LIBSSL 1
| /* end confdefs.h.  */
| #include <ac_nonexistent.h>
configure:5094: result: gcc -E
configure:5114: gcc -E  -I/usr/local/opt/openssl/include conftest.c
configure:5114: $? = 0
configure:5128: gcc -E  -I/usr/local/opt/openssl/include conftest.c
conftest.c:13:10: fatal error: ac_nonexistent.h: No such file or directory
   13 | #include <ac_nonexistent.h>
      |          ^~~~~~~~~~~~~~~~~~
compilation terminated.
configure:5128: $? = 1
configure: failed program was:
| /* confdefs.h */
| #define PACKAGE_NAME "slowhttptest"
| #define PACKAGE_TARNAME "slowhttptest"
| #define PACKAGE_VERSION "1.8.1"
| #define PACKAGE_STRING "slowhttptest 1.8.1"
| #define PACKAGE_BUGREPORT "shekyan@gmail.com"
| #define PACKAGE_URL ""
| #define PACKAGE "slowhttptest"
| #define VERSION "1.8.1"
| #define HAVE_CXX11 1
| #define HAVE_LIBSSL 1
| /* end confdefs.h.  */
| #include <ac_nonexistent.h>
configure:5157: checking for grep that handles long lines and -e
configure:5215: result: /usr/bin/grep
configure:5220: checking for egrep
configure:5282: result: /usr/bin/grep -E
configure:5287: checking for ANSI C header files
configure:5307: gcc -c -g -O2  -I/usr/local/opt/openssl/include conftest.c >&5
configure:5307: $? = 0
configure:5380: gcc -o conftest -g -O2  -I/usr/local/opt/openssl/include  -L/usr/local/opt/openssl/lib conftest.c -lssl  >&5
configure:5380: $? = 0
configure:5380: ./conftest
configure:5380: $? = 0
configure:5391: result: yes
configure:5407: checking for sys/types.h
configure:5407: gcc -c -g -O2  -I/usr/local/opt/openssl/include conftest.c >&5
configure:5407: $? = 0
configure:5407: result: yes
configure:5407: checking for sys/stat.h
configure:5407: gcc -c -g -O2  -I/usr/local/opt/openssl/include conftest.c >&5
configure:5407: $? = 0
configure:5407: result: yes
configure:5407: checking for stdlib.h
configure:5407: gcc -c -g -O2  -I/usr/local/opt/openssl/include conftest.c >&5
configure:5407: $? = 0
configure:5407: result: yes
configure:5407: checking for string.h
configure:5407: gcc -c -g -O2  -I/usr/local/opt/openssl/include conftest.c >&5
configure:5407: $? = 0
configure:5407: result: yes
configure:5407: checking for memory.h
configure:5407: gcc -c -g -O2  -I/usr/local/opt/openssl/include conftest.c >&5
configure:5407: $? = 0
configure:5407: result: yes
configure:5407: checking for strings.h
configure:5407: gcc -c -g -O2  -I/usr/local/opt/openssl/include conftest.c >&5
configure:5407: $? = 0
configure:5407: result: yes
configure:5407: checking for inttypes.h
configure:5407: gcc -c -g -O2  -I/usr/local/opt/openssl/include conftest.c >&5
configure:5407: $? = 0
configure:5407: result: yes
configure:5407: checking for stdint.h
configure:5407: gcc -c -g -O2  -I/usr/local/opt/openssl/include conftest.c >&5
configure:5407: $? = 0
configure:5407: result: yes
configure:5407: checking for unistd.h
configure:5407: gcc -c -g -O2  -I/usr/local/opt/openssl/include conftest.c >&5
configure:5407: $? = 0
configure:5407: result: yes
configure:5422: checking fcntl.h usability
configure:5422: gcc -c -g -O2  -I/usr/local/opt/openssl/include conftest.c >&5
configure:5422: $? = 0
configure:5422: result: yes
configure:5422: checking fcntl.h presence
configure:5422: gcc -E  -I/usr/local/opt/openssl/include conftest.c
configure:5422: $? = 0
configure:5422: result: yes
configure:5422: checking for fcntl.h
configure:5422: result: yes
configure:5422: checking limits.h usability
configure:5422: gcc -c -g -O2  -I/usr/local/opt/openssl/include conftest.c >&5
configure:5422: $? = 0
configure:5422: result: yes
configure:5422: checking limits.h presence
configure:5422: gcc -E  -I/usr/local/opt/openssl/include conftest.c
configure:5422: $? = 0
configure:5422: result: yes
configure:5422: checking for limits.h
configure:5422: result: yes
configure:5422: checking netdb.h usability
configure:5422: gcc -c -g -O2  -I/usr/local/opt/openssl/include conftest.c >&5
configure:5422: $? = 0
configure:5422: result: yes
configure:5422: checking netdb.h presence
configure:5422: gcc -E  -I/usr/local/opt/openssl/include conftest.c
configure:5422: $? = 0
configure:5422: result: yes
configure:5422: checking for netdb.h
configure:5422: result: yes
configure:5422: checking netinet/in.h usability
configure:5422: gcc -c -g -O2  -I/usr/local/opt/openssl/include conftest.c >&5
configure:5422: $? = 0
configure:5422: result: yes
configure:5422: checking netinet/in.h presence
configure:5422: gcc -E  -I/usr/local/opt/openssl/include conftest.c
configure:5422: $? = 0
configure:5422: result: yes
configure:5422: checking for netinet/in.h
configure:5422: result: yes
configure:5422: checking for stdlib.h
configure:5422: result: yes
configure:5422: checking for string.h
configure:5422: result: yes
configure:5422: checking sys/socket.h usability
configure:5422: gcc -c -g -O2  -I/usr/local/opt/openssl/include conftest.c >&5
configure:5422: $? = 0
configure:5422: result: yes
configure:5422: checking sys/socket.h presence
configure:5422: gcc -E  -I/usr/local/opt/openssl/include conftest.c
configure:5422: $? = 0
configure:5422: result: yes
configure:5422: checking for sys/socket.h
configure:5422: result: yes
configure:5422: checking sys/time.h usability
configure:5422: gcc -c -g -O2  -I/usr/local/opt/openssl/include conftest.c >&5
configure:5422: $? = 0
configure:5422: result: yes
configure:5422: checking sys/time.h presence
configure:5422: gcc -E  -I/usr/local/opt/openssl/include conftest.c
configure:5422: $? = 0
configure:5422: result: yes
configure:5422: checking for sys/time.h
configure:5422: result: yes
configure:5422: checking for unistd.h
configure:5422: result: yes
configure:5434: checking for stdbool.h that conforms to C99
configure:5501: gcc -c -g -O2  -I/usr/local/opt/openssl/include conftest.c >&5
configure:5501: $? = 0
configure:5508: result: yes
configure:5510: checking for _Bool
configure:5510: gcc -c -g -O2  -I/usr/local/opt/openssl/include conftest.c >&5
configure:5510: $? = 0
configure:5510: gcc -c -g -O2  -I/usr/local/opt/openssl/include conftest.c >&5
conftest.c: In function 'main':
conftest.c:69:20: error: expected expression before ')' token
   69 | if (sizeof ((_Bool)))
      |                    ^
configure:5510: $? = 1
configure: failed program was:
| /* confdefs.h */
| #define PACKAGE_NAME "slowhttptest"
| #define PACKAGE_TARNAME "slowhttptest"
| #define PACKAGE_VERSION "1.8.1"
| #define PACKAGE_STRING "slowhttptest 1.8.1"
| #define PACKAGE_BUGREPORT "shekyan@gmail.com"
| #define PACKAGE_URL ""
| #define PACKAGE "slowhttptest"
| #define VERSION "1.8.1"
| #define HAVE_CXX11 1
| #define HAVE_LIBSSL 1
| #define STDC_HEADERS 1
| #define USE_COLOR 1
| #define HAVE_SYS_TYPES_H 1
| #define HAVE_SYS_STAT_H 1
| #define HAVE_STDLIB_H 1
| #define HAVE_STRING_H 1
| #define HAVE_MEMORY_H 1
| #define HAVE_STRINGS_H 1
| #define HAVE_INTTYPES_H 1
| #define HAVE_STDINT_H 1
| #define HAVE_UNISTD_H 1
| #define HAVE_FCNTL_H 1
| #define HAVE_LIMITS_H 1
| #define HAVE_NETDB_H 1
| #define HAVE_NETINET_IN_H 1
| #define HAVE_STDLIB_H 1
| #define HAVE_STRING_H 1
| #define HAVE_SYS_SOCKET_H 1
| #define HAVE_SYS_TIME_H 1
| #define HAVE_UNISTD_H 1
| /* end confdefs.h.  */
| #include <stdio.h>
| #ifdef HAVE_SYS_TYPES_H
| # include <sys/types.h>
| #endif
| #ifdef HAVE_SYS_STAT_H
| # include <sys/stat.h>
| #endif
| #ifdef STDC_HEADERS
| # include <stdlib.h>
| # include <stddef.h>
| #else
| # ifdef HAVE_STDLIB_H
| #  include <stdlib.h>
| # endif
| #endif
| #ifdef HAVE_STRING_H
| # if !defined STDC_HEADERS && defined HAVE_MEMORY_H
| #  include <memory.h>
| # endif
| # include <string.h>
| #endif
| #ifdef HAVE_STRINGS_H
| # include <strings.h>
| #endif
| #ifdef HAVE_INTTYPES_H
| # include <inttypes.h>
| #endif
| #ifdef HAVE_STDINT_H
| # include <stdint.h>
| #endif
| #ifdef HAVE_UNISTD_H
| # include <unistd.h>
| #endif
| int
| main ()
| {
| if (sizeof ((_Bool)))
| 	    return 0;
|   ;
|   return 0;
| }
configure:5510: result: yes
configure:5527: checking for an ANSI C-conforming const
configure:5593: gcc -c -g -O2  -I/usr/local/opt/openssl/include conftest.c >&5
configure:5593: $? = 0
configure:5600: result: yes
configure:5608: checking for size_t
configure:5608: gcc -c -g -O2  -I/usr/local/opt/openssl/include conftest.c >&5
configure:5608: $? = 0
configure:5608: gcc -c -g -O2  -I/usr/local/opt/openssl/include conftest.c >&5
conftest.c: In function 'main':
conftest.c:71:21: error: expected expression before ')' token
   71 | if (sizeof ((size_t)))
      |                     ^
configure:5608: $? = 1
configure: failed program was:
| /* confdefs.h */
| #define PACKAGE_NAME "slowhttptest"
| #define PACKAGE_TARNAME "slowhttptest"
| #define PACKAGE_VERSION "1.8.1"
| #define PACKAGE_STRING "slowhttptest 1.8.1"
| #define PACKAGE_BUGREPORT "shekyan@gmail.com"
| #define PACKAGE_URL ""
| #define PACKAGE "slowhttptest"
| #define VERSION "1.8.1"
| #define HAVE_CXX11 1
| #define HAVE_LIBSSL 1
| #define STDC_HEADERS 1
| #define USE_COLOR 1
| #define HAVE_SYS_TYPES_H 1
| #define HAVE_SYS_STAT_H 1
| #define HAVE_STDLIB_H 1
| #define HAVE_STRING_H 1
| #define HAVE_MEMORY_H 1
| #define HAVE_STRINGS_H 1
| #define HAVE_INTTYPES_H 1
| #define HAVE_STDINT_H 1
| #define HAVE_UNISTD_H 1
| #define HAVE_FCNTL_H 1
| #define HAVE_LIMITS_H 1
| #define HAVE_NETDB_H 1
| #define HAVE_NETINET_IN_H 1
| #define HAVE_STDLIB_H 1
| #define HAVE_STRING_H 1
| #define HAVE_SYS_SOCKET_H 1
| #define HAVE_SYS_TIME_H 1
| #define HAVE_UNISTD_H 1
| #define HAVE__BOOL 1
| #define HAVE_STDBOOL_H 1
| /* end confdefs.h.  */
| #include <stdio.h>
| #ifdef HAVE_SYS_TYPES_H
| # include <sys/types.h>
| #endif
| #ifdef HAVE_SYS_STAT_H
| # include <sys/stat.h>
| #endif
| #ifdef STDC_HEADERS
| # include <stdlib.h>
| # include <stddef.h>
| #else
| # ifdef HAVE_STDLIB_H
| #  include <stdlib.h>
| # endif
| #endif
| #ifdef HAVE_STRING_H
| # if !defined STDC_HEADERS && defined HAVE_MEMORY_H
| #  include <memory.h>
| # endif
| # include <string.h>
| #endif
| #ifdef HAVE_STRINGS_H
| # include <strings.h>
| #endif
| #ifdef HAVE_INTTYPES_H
| # include <inttypes.h>
| #endif
| #ifdef HAVE_STDINT_H
| # include <stdint.h>
| #endif
| #ifdef HAVE_UNISTD_H
| # include <unistd.h>
| #endif
| int
| main ()
| {
| if (sizeof ((size_t)))
| 	    return 0;
|   ;
|   return 0;
| }
configure:5608: result: yes
configure:5619: checking whether time.h and sys/time.h may both be included
configure:5639: gcc -c -g -O2  -I/usr/local/opt/openssl/include conftest.c >&5
configure:5639: $? = 0
configure:5646: result: yes
configure:5659: checking sys/select.h usability
configure:5659: gcc -c -g -O2  -I/usr/local/opt/openssl/include conftest.c >&5
configure:5659: $? = 0
configure:5659: result: yes
configure:5659: checking sys/select.h presence
configure:5659: gcc -E  -I/usr/local/opt/openssl/include conftest.c
configure:5659: $? = 0
configure:5659: result: yes
configure:5659: checking for sys/select.h
configure:5659: result: yes
configure:5659: checking for sys/socket.h
configure:5659: result: yes
configure:5669: checking types of arguments for select
configure:5697: gcc -c -g -O2  -I/usr/local/opt/openssl/include conftest.c >&5
configure:5697: $? = 0
configure:5708: result: int,fd_set *,struct timeval *
configure:5733: checking for vprintf
configure:5733: gcc -o conftest -g -O2  -I/usr/local/opt/openssl/include  -L/usr/local/opt/openssl/lib conftest.c -lssl  >&5
conftest.c:64:6: warning: conflicting types for built-in function 'vprintf'; expected 'int(const char *, __va_list_tag *)' [-Wbuiltin-declaration-mismatch]
   64 | char vprintf ();
      |      ^~~~~~~
conftest.c:52:1: note: 'vprintf' is declared in header '<stdio.h>'
   51 | # include <limits.h>
   52 | #else
configure:5733: $? = 0
configure:5733: result: yes
configure:5739: checking for _doprnt
configure:5739: gcc -o conftest -g -O2  -I/usr/local/opt/openssl/include  -L/usr/local/opt/openssl/lib conftest.c -lssl  >&5
/usr/bin/ld: /tmp/cce1SPxJ.o: in function `main':
/root/Área de trabalho/slowhttptest-master/slowhttptest-master/conftest.c:76: undefined reference to `_doprnt'
collect2: error: ld returned 1 exit status
configure:5739: $? = 1
configure: failed program was:
| /* confdefs.h */
| #define PACKAGE_NAME "slowhttptest"
| #define PACKAGE_TARNAME "slowhttptest"
| #define PACKAGE_VERSION "1.8.1"
| #define PACKAGE_STRING "slowhttptest 1.8.1"
| #define PACKAGE_BUGREPORT "shekyan@gmail.com"
| #define PACKAGE_URL ""
| #define PACKAGE "slowhttptest"
| #define VERSION "1.8.1"
| #define HAVE_CXX11 1
| #define HAVE_LIBSSL 1
| #define STDC_HEADERS 1
| #define USE_COLOR 1
| #define HAVE_SYS_TYPES_H 1
| #define HAVE_SYS_STAT_H 1
| #define HAVE_STDLIB_H 1
| #define HAVE_STRING_H 1
| #define HAVE_MEMORY_H 1
| #define HAVE_STRINGS_H 1
| #define HAVE_INTTYPES_H 1
| #define HAVE_STDINT_H 1
| #define HAVE_UNISTD_H 1
| #define HAVE_FCNTL_H 1
| #define HAVE_LIMITS_H 1
| #define HAVE_NETDB_H 1
| #define HAVE_NETINET_IN_H 1
| #define HAVE_STDLIB_H 1
| #define HAVE_STRING_H 1
| #define HAVE_SYS_SOCKET_H 1
| #define HAVE_SYS_TIME_H 1
| #define HAVE_UNISTD_H 1
| #define HAVE__BOOL 1
| #define HAVE_STDBOOL_H 1
| #define TIME_WITH_SYS_TIME 1
| #define HAVE_SYS_SELECT_H 1
| #define HAVE_SYS_SOCKET_H 1
| #define SELECT_TYPE_ARG1 int
| #define SELECT_TYPE_ARG234 (fd_set *)
| #define SELECT_TYPE_ARG5 (struct timeval *)
| #define HAVE_VPRINTF 1
| /* end confdefs.h.  */
| /* Define _doprnt to an innocuous variant, in case <limits.h> declares _doprnt.
|    For example, HP-UX 11i <limits.h> declares gettimeofday.  */
| #define _doprnt innocuous__doprnt
| 
| /* System header to define __stub macros and hopefully few prototypes,
|     which can conflict with char _doprnt (); below.
|     Prefer <limits.h> to <assert.h> if __STDC__ is defined, since
|     <limits.h> exists even on freestanding compilers.  */
| 
| #ifdef __STDC__
| # include <limits.h>
| #else
| # include <assert.h>
| #endif
| 
| #undef _doprnt
| 
| /* Override any GCC internal prototype to avoid an error.
|    Use char because int might match the return type of a GCC
|    builtin and then its argument prototype would still apply.  */
| #ifdef __cplusplus
| extern "C"
| #endif
| char _doprnt ();
| /* The GNU C library defines this for functions which it implements
|     to always fail with ENOSYS.  Some functions are actually named
|     something starting with __ and the normal name is an alias.  */
| #if defined __stub__doprnt || defined __stub____doprnt
| choke me
| #endif
| 
| int
| main ()
| {
| return _doprnt ();
|   ;
|   return 0;
| }
configure:5739: result: no
configure:5753: checking for atexit
configure:5753: gcc -o conftest -g -O2  -I/usr/local/opt/openssl/include  -L/usr/local/opt/openssl/lib conftest.c -lssl  >&5
configure:5753: $? = 0
configure:5753: result: yes
configure:5753: checking for gettimeofday
configure:5753: gcc -o conftest -g -O2  -I/usr/local/opt/openssl/include  -L/usr/local/opt/openssl/lib conftest.c -lssl  >&5
configure:5753: $? = 0
configure:5753: result: yes
configure:5753: checking for poll
configure:5753: gcc -o conftest -g -O2  -I/usr/local/opt/openssl/include  -L/usr/local/opt/openssl/lib conftest.c -lssl  >&5
configure:5753: $? = 0
configure:5753: result: yes
configure:5753: checking for select
configure:5753: gcc -o conftest -g -O2  -I/usr/local/opt/openssl/include  -L/usr/local/opt/openssl/lib conftest.c -lssl  >&5
configure:5753: $? = 0
configure:5753: result: yes
configure:5753: checking for socket
configure:5753: gcc -o conftest -g -O2  -I/usr/local/opt/openssl/include  -L/usr/local/opt/openssl/lib conftest.c -lssl  >&5
configure:5753: $? = 0
configure:5753: result: yes
configure:5753: checking for strerror
configure:5753: gcc -o conftest -g -O2  -I/usr/local/opt/openssl/include  -L/usr/local/opt/openssl/lib conftest.c -lssl  >&5
configure:5753: $? = 0
configure:5753: result: yes
configure:5753: checking for strstr
configure:5753: gcc -o conftest -g -O2  -I/usr/local/opt/openssl/include  -L/usr/local/opt/openssl/lib conftest.c -lssl  >&5
conftest.c:71:6: warning: conflicting types for built-in function 'strstr'; expected 'char *(const char *, const char *)' [-Wbuiltin-declaration-mismatch]
   71 | char strstr ();
      |      ^~~~~~
conftest.c:59:1: note: 'strstr' is declared in header '<string.h>'
   58 | # include <limits.h>
   59 | #else
configure:5753: $? = 0
configure:5753: result: yes
configure:5753: checking for strtol
configure:5753: gcc -o conftest -g -O2  -I/usr/local/opt/openssl/include  -L/usr/local/opt/openssl/lib conftest.c -lssl  >&5
configure:5753: $? = 0
configure:5753: result: yes
configure:5866: checking that generated files are newer than configure
configure:5872: result: done
configure:5899: creating ./config.status

## ---------------------- ##
## Running config.status. ##
## ---------------------- ##

This file was extended by slowhttptest config.status 1.8.1, which was
generated by GNU Autoconf 2.69.  Invocation command line was

  CONFIG_FILES    = 
  CONFIG_HEADERS  = 
  CONFIG_LINKS    = 
  CONFIG_COMMANDS = 
  $ ./config.status 

on root

config.status:886: creating Makefile
config.status:886: creating src/Makefile
config.status:886: creating man/Makefile
config.status:886: creating config.h
config.status:1115: executing depfiles commands
config.status:1192: cd src       && sed -e '/# am--include-marker/d' Makefile         | make -f - am--depfiles
config.status:1197: $? = 0

## ---------------- ##
## Cache variables. ##
## ---------------- ##

ac_cv_c_compiler_gnu=yes
ac_cv_c_const=yes
ac_cv_cxx_compiler_gnu=yes
ac_cv_env_CCC_set=
ac_cv_env_CCC_value=
ac_cv_env_CC_set=
ac_cv_env_CC_value=
ac_cv_env_CFLAGS_set=
ac_cv_env_CFLAGS_value=
ac_cv_env_CPPFLAGS_set=
ac_cv_env_CPPFLAGS_value=
ac_cv_env_CPP_set=
ac_cv_env_CPP_value=
ac_cv_env_CXXFLAGS_set=
ac_cv_env_CXXFLAGS_value=
ac_cv_env_CXX_set=
ac_cv_env_CXX_value=
ac_cv_env_LDFLAGS_set=
ac_cv_env_LDFLAGS_value=
ac_cv_env_LIBS_set=
ac_cv_env_LIBS_value=
ac_cv_env_build_alias_set=
ac_cv_env_build_alias_value=
ac_cv_env_host_alias_set=
ac_cv_env_host_alias_value=
ac_cv_env_target_alias_set=
ac_cv_env_target_alias_value=
ac_cv_func__doprnt=no
ac_cv_func_atexit=yes
ac_cv_func_gettimeofday=yes
ac_cv_func_poll=yes
ac_cv_func_select=yes
ac_cv_func_select_args='int,fd_set *,struct timeval *'
ac_cv_func_socket=yes
ac_cv_func_strerror=yes
ac_cv_func_strstr=yes
ac_cv_func_strtol=yes
ac_cv_func_vprintf=yes
ac_cv_header_fcntl_h=yes
ac_cv_header_inttypes_h=yes
ac_cv_header_limits_h=yes
ac_cv_header_memory_h=yes
ac_cv_header_netdb_h=yes
ac_cv_header_netinet_in_h=yes
ac_cv_header_stdbool_h=yes
ac_cv_header_stdc=yes
ac_cv_header_stdint_h=yes
ac_cv_header_stdlib_h=yes
ac_cv_header_string_h=yes
ac_cv_header_strings_h=yes
ac_cv_header_sys_select_h=yes
ac_cv_header_sys_socket_h=yes
ac_cv_header_sys_stat_h=yes
ac_cv_header_sys_time_h=yes
ac_cv_header_sys_types_h=yes
ac_cv_header_time=yes
ac_cv_header_unistd_h=yes
ac_cv_lib_ssl_SSL_new=yes
ac_cv_objext=o
ac_cv_path_EGREP='/usr/bin/grep -E'
ac_cv_path_GREP=/usr/bin/grep
ac_cv_path_install='/usr/bin/install -c'
ac_cv_path_mkdir=/usr/bin/mkdir
ac_cv_prog_AWK=gawk
ac_cv_prog_CPP='gcc -E'
ac_cv_prog_ac_ct_CC=gcc
ac_cv_prog_ac_ct_CXX=g++
ac_cv_prog_cc_c89=
ac_cv_prog_cc_g=yes
ac_cv_prog_cxx_g=yes
ac_cv_prog_make_make_set=yes
ac_cv_type__Bool=yes
ac_cv_type_size_t=yes
am_cv_CC_dependencies_compiler_type=gcc3
am_cv_CXX_dependencies_compiler_type=gcc3
am_cv_make_support_nested_variables=yes
am_cv_prog_cc_c_o=yes
ax_cv_cxx_compile_cxx11=yes

## ----------------- ##
## Output variables. ##
## ----------------- ##

ACLOCAL='${SHELL} "/root/Área de trabalho/slowhttptest-master/slowhttptest-master/missing" aclocal-1.16'
AMDEPBACKSLASH='\'
AMDEP_FALSE='#'
AMDEP_TRUE=''
AMTAR='$${TAR-tar}'
AM_BACKSLASH='\'
AM_DEFAULT_V='$(AM_DEFAULT_VERBOSITY)'
AM_DEFAULT_VERBOSITY='1'
AM_V='$(V)'
AUTOCONF='${SHELL} "/root/Área de trabalho/slowhttptest-master/slowhttptest-master/missing" autoconf'
AUTOHEADER='${SHELL} "/root/Área de trabalho/slowhttptest-master/slowhttptest-master/missing" autoheader'
AUTOMAKE='${SHELL} "/root/Área de trabalho/slowhttptest-master/slowhttptest-master/missing" automake-1.16'
AWK='gawk'
CC='gcc'
CCDEPMODE='depmode=gcc3'
CFLAGS='-g -O2'
CPP='gcc -E'
CPPFLAGS=' -I/usr/local/opt/openssl/include'
CXX='g++'
CXXDEPMODE='depmode=gcc3'
CXXFLAGS='-g -O2'
CYGPATH_W='echo'
DEFS='-DHAVE_CONFIG_H'
DEPDIR='.deps'
ECHO_C=''
ECHO_N='-n'
ECHO_T=''
EGREP='/usr/bin/grep -E'
EXEEXT=''
GREP='/usr/bin/grep'
HAVE_CXX11='1'
INSTALL_DATA='${INSTALL} -m 644'
INSTALL_PROGRAM='${INSTALL}'
INSTALL_SCRIPT='${INSTALL}'
INSTALL_STRIP_PROGRAM='$(install_sh) -c -s'
LDFLAGS=' -L/usr/local/opt/openssl/lib'
LIBOBJS=''
LIBS='-lssl '
LTLIBOBJS=''
MAKEINFO='${SHELL} "/root/Área de trabalho/slowhttptest-master/slowhttptest-master/missing" makeinfo'
MKDIR_P='/usr/bin/mkdir -p'
OBJEXT='o'
PACKAGE='slowhttptest'
PACKAGE_BUGREPORT='shekyan@gmail.com'
PACKAGE_NAME='slowhttptest'
PACKAGE_STRING='slowhttptest 1.8.1'
PACKAGE_TARNAME='slowhttptest'
PACKAGE_URL=''
PACKAGE_VERSION='1.8.1'
PATH_SEPARATOR=':'
SET_MAKE=''
SHELL='/bin/bash'
STRIP=''
VERSION='1.8.1'
ac_ct_CC='gcc'
ac_ct_CXX='g++'
am__EXEEXT_FALSE=''
am__EXEEXT_TRUE='#'
am__fastdepCC_FALSE='#'
am__fastdepCC_TRUE=''
am__fastdepCXX_FALSE='#'
am__fastdepCXX_TRUE=''
am__include='include'
am__isrc=''
am__leading_dot='.'
am__nodep='_no'
am__quote=''
am__tar='$${TAR-tar} chof - "$$tardir"'
am__untar='$${TAR-tar} xf -'
bindir='${exec_prefix}/bin'
build_alias=''
datadir='${datarootdir}'
datarootdir='${prefix}/share'
docdir='${datarootdir}/doc/${PACKAGE_TARNAME}'
dvidir='${docdir}'
exec_prefix='${prefix}'
host_alias=''
htmldir='${docdir}'
includedir='${prefix}/include'
infodir='${datarootdir}/info'
install_sh='${SHELL} '\''/root/Área de trabalho/slowhttptest-master/slowhttptest-master/install-sh'\'''
libdir='${exec_prefix}/lib'
libexecdir='${exec_prefix}/libexec'
localedir='${datarootdir}/locale'
localstatedir='${prefix}/var'
mandir='${datarootdir}/man'
mkdir_p='$(MKDIR_P)'
oldincludedir='/usr/include'
pdfdir='${docdir}'
prefix='/usr/local'
program_transform_name='s,x,x,'
psdir='${docdir}'
sbindir='${exec_prefix}/sbin'
sharedstatedir='${prefix}/com'
sysconfdir='${prefix}/etc'
target_alias=''

## ----------- ##
## confdefs.h. ##
## ----------- ##

/* confdefs.h */
#define PACKAGE_NAME "slowhttptest"
#define PACKAGE_TARNAME "slowhttptest"
#define PACKAGE_VERSION "1.8.1"
#define PACKAGE_STRING "slowhttptest 1.8.1"
#define PACKAGE_BUGREPORT "shekyan@gmail.com"
#define PACKAGE_URL ""
#define PACKAGE "slowhttptest"
#define VERSION "1.8.1"
#define HAVE_CXX11 1
#define HAVE_LIBSSL 1
#define STDC_HEADERS 1
#define USE_COLOR 1
#define HAVE_SYS_TYPES_H 1
#define HAVE_SYS_STAT_H 1
#define HAVE_STDLIB_H 1
#define HAVE_STRING_H 1
#define HAVE_MEMORY_H 1
#define HAVE_STRINGS_H 1
#define HAVE_INTTYPES_H 1
#define HAVE_STDINT_H 1
#define HAVE_UNISTD_H 1
#define HAVE_FCNTL_H 1
#define HAVE_LIMITS_H 1
#define HAVE_NETDB_H 1
#define HAVE_NETINET_IN_H 1
#define HAVE_STDLIB_H 1
#define HAVE_STRING_H 1
#define HAVE_SYS_SOCKET_H 1
#define HAVE_SYS_TIME_H 1
#define HAVE_UNISTD_H 1
#define HAVE__BOOL 1
#define HAVE_STDBOOL_H 1
#define TIME_WITH_SYS_TIME 1
#define HAVE_SYS_SELECT_H 1
#define HAVE_SYS_SOCKET_H 1
#define SELECT_TYPE_ARG1 int
#define SELECT_TYPE_ARG234 (fd_set *)
#define SELECT_TYPE_ARG5 (struct timeval *)
#define HAVE_VPRINTF 1
#define HAVE_ATEXIT 1
#define HAVE_GETTIMEOFDAY 1
#define HAVE_POLL 1
#define HAVE_SELECT 1
#define HAVE_SOCKET 1
#define HAVE_STRERROR 1
#define HAVE_STRSTR 1
#define HAVE_STRTOL 1

configure: exit 0
